mode: set
github.com/reijo1337/online-library-rsoi2/main.go:19.13,22.16 3 1
github.com/reijo1337/online-library-rsoi2/main.go:27.2,28.16 2 1
github.com/reijo1337/online-library-rsoi2/main.go:33.2,34.16 2 1
github.com/reijo1337/online-library-rsoi2/main.go:39.2,41.25 3 1
github.com/reijo1337/online-library-rsoi2/main.go:22.16,24.13 2 0
github.com/reijo1337/online-library-rsoi2/main.go:28.16,30.13 2 0
github.com/reijo1337/online-library-rsoi2/main.go:34.16,36.13 2 0
github.com/reijo1337/online-library-rsoi2/main.go:48.37,55.16 7 1
github.com/reijo1337/online-library-rsoi2/main.go:65.2,67.16 3 1
github.com/reijo1337/online-library-rsoi2/main.go:77.2,81.16 4 1
github.com/reijo1337/online-library-rsoi2/main.go:92.2,94.16 3 1
github.com/reijo1337/online-library-rsoi2/main.go:104.2,105.29 2 1
github.com/reijo1337/online-library-rsoi2/main.go:128.2,129.28 2 1
github.com/reijo1337/online-library-rsoi2/main.go:55.16,64.3 3 1
github.com/reijo1337/online-library-rsoi2/main.go:67.16,76.3 3 1
github.com/reijo1337/online-library-rsoi2/main.go:81.16,90.3 3 1
github.com/reijo1337/online-library-rsoi2/main.go:94.16,103.3 3 1
github.com/reijo1337/online-library-rsoi2/main.go:105.29,107.17 2 1
github.com/reijo1337/online-library-rsoi2/main.go:117.3,125.5 1 1
github.com/reijo1337/online-library-rsoi2/main.go:107.17,116.4 3 1
github.com/reijo1337/online-library-rsoi2/main.go:134.31,138.41 3 1
github.com/reijo1337/online-library-rsoi2/main.go:148.2,150.67 3 1
github.com/reijo1337/online-library-rsoi2/main.go:160.2,162.16 3 1
github.com/reijo1337/online-library-rsoi2/main.go:172.2,174.16 3 1
github.com/reijo1337/online-library-rsoi2/main.go:184.2,186.16 3 1
github.com/reijo1337/online-library-rsoi2/main.go:196.2,206.3 2 1
github.com/reijo1337/online-library-rsoi2/main.go:138.41,147.3 3 1
github.com/reijo1337/online-library-rsoi2/main.go:150.67,159.3 3 1
github.com/reijo1337/online-library-rsoi2/main.go:162.16,171.3 3 1
github.com/reijo1337/online-library-rsoi2/main.go:174.16,183.3 3 1
github.com/reijo1337/online-library-rsoi2/main.go:186.16,195.3 3 1
github.com/reijo1337/online-library-rsoi2/main.go:210.34,214.16 4 1
github.com/reijo1337/online-library-rsoi2/main.go:224.2,228.16 4 1
github.com/reijo1337/online-library-rsoi2/main.go:238.2,240.16 3 1
github.com/reijo1337/online-library-rsoi2/main.go:251.2,253.16 3 1
github.com/reijo1337/online-library-rsoi2/main.go:263.2,269.3 2 1
github.com/reijo1337/online-library-rsoi2/main.go:214.16,223.3 3 1
github.com/reijo1337/online-library-rsoi2/main.go:228.16,237.3 3 1
github.com/reijo1337/online-library-rsoi2/main.go:240.16,249.3 3 1
github.com/reijo1337/online-library-rsoi2/main.go:253.16,262.3 3 1
github.com/reijo1337/online-library-rsoi2/main.go:272.32,280.2 5 1
github.com/reijo1337/online-library-rsoi2/main.go:282.13,284.16 2 0
github.com/reijo1337/online-library-rsoi2/main.go:288.2,290.19 2 0
github.com/reijo1337/online-library-rsoi2/main.go:284.16,286.3 1 0
